<?xml version="1.0" encoding="UTF-8"?>
<!-- Generated by org.testng.reporters.JUnitReportReporter -->
<testsuite hostname="Mypc" name="pom.LoginTest" tests="1" failures="0" timestamp="26 Jun 2017 01:55:11 GMT" time="11.415" errors="0">
  <testcase name="login" time="11.415" classname="pom.LoginTest"/>
</testsuite> <!-- pom.LoginTest -->
