<?xml version="1.0" encoding="UTF-8"?>
<!-- Generated by org.testng.reporters.JUnitReportReporter -->
<testsuite hostname="Mypc" name="grid.GridEg1" tests="2" failures="0" timestamp="29 Jun 2017 01:50:31 GMT" time="72.315" errors="0">
  <testcase name="grid" time="41.410" classname="grid.GridEg1"/>
  <testcase name="grid" time="30.905" classname="grid.GridEg1"/>
</testsuite> <!-- grid.GridEg1 -->
