<?xml version="1.0" encoding="UTF-8"?>
<!-- Generated by org.testng.reporters.JUnitReportReporter -->
<testsuite hostname="Mypc" name="testNG.Primus_Login" tests="1" failures="0" timestamp="21 Jun 2017 01:56:29 GMT" time="6.221" errors="0">
  <testcase name="login" time="6.221" classname="testNG.Primus_Login"/>
</testsuite> <!-- testNG.Primus_Login -->
