<?xml version="1.0" encoding="UTF-8"?>
<!-- Generated by org.testng.reporters.JUnitReportReporter -->
<testsuite hostname="Mypc" name="testNG.BasicAnnotationsEg" tests="3" failures="0" timestamp="21 Jun 2017 01:45:39 GMT" time="0.063" errors="0">
  <testcase name="apple" time="0.012" classname="testNG.BasicAnnotationsEg"/>
  <testcase name="function1" time="0.024" classname="testNG.BasicAnnotationsEg"/>
  <testcase name="function2" time="0.027" classname="testNG.BasicAnnotationsEg"/>
</testsuite> <!-- testNG.BasicAnnotationsEg -->
